<?xml version="1.0" encoding="UTF-8"?>
<!-- Generated by org.testng.reporters.JUnitReportReporter -->
<testsuite skipped="0" hostname="ThinkPad" name="com.PageLibrary.com.RandFord.TestExecution" tests="34" failures="0" timestamp="18 Jun 2018 19:38:30 GMT" time="172.561" errors="0">
  <testcase name="verify_login" time="1.799" classname="com.PageLibrary.com.RandFord.TestExecution"/>
  <testcase name="verify_branchCreation" time="4.438" classname="com.PageLibrary.com.RandFord.TestExecution"/>
  <testcase name="verify_branchCreation" time="4.285" classname="com.PageLibrary.com.RandFord.TestExecution"/>
  <testcase name="verify_branchCreation" time="4.567" classname="com.PageLibrary.com.RandFord.TestExecution"/>
  <testcase name="verify_branchCreation" time="6.096" classname="com.PageLibrary.com.RandFord.TestExecution"/>
  <testcase name="verify_branchCreation" time="4.690" classname="com.PageLibrary.com.RandFord.TestExecution"/>
  <testcase name="verify_branchCreation" time="5.297" classname="com.PageLibrary.com.RandFord.TestExecution"/>
  <testcase name="verify_branchCreation" time="44.560" classname="com.PageLibrary.com.RandFord.TestExecution"/>
  <testcase name="verify_branchCreation" time="4.983" classname="com.PageLibrary.com.RandFord.TestExecution"/>
  <testcase name="verify_branchCreation" time="4.833" classname="com.PageLibrary.com.RandFord.TestExecution"/>
  <testcase name="verify_branchCreation" time="4.168" classname="com.PageLibrary.com.RandFord.TestExecution"/>
  <testcase name="verify_branchCreation" time="4.469" classname="com.PageLibrary.com.RandFord.TestExecution"/>
  <testcase name="verify_branchCreation" time="8.420" classname="com.PageLibrary.com.RandFord.TestExecution"/>
  <testcase name="verify_branchCreation" time="4.195" classname="com.PageLibrary.com.RandFord.TestExecution"/>
  <testcase name="verify_branchCreation" time="4.916" classname="com.PageLibrary.com.RandFord.TestExecution"/>
  <testcase name="verify_branchCreation" time="3.956" classname="com.PageLibrary.com.RandFord.TestExecution"/>
  <testcase name="verify_branchCreation" time="7.053" classname="com.PageLibrary.com.RandFord.TestExecution"/>
  <testcase name="verify_branchCreation" time="3.981" classname="com.PageLibrary.com.RandFord.TestExecution"/>
  <testcase name="verify_branchCreation" time="7.389" classname="com.PageLibrary.com.RandFord.TestExecution"/>
  <testcase name="verify_branchCreation" time="4.813" classname="com.PageLibrary.com.RandFord.TestExecution"/>
  <testcase name="varify_rolesCreation" time="2.159" classname="com.PageLibrary.com.RandFord.TestExecution"/>
  <testcase name="varify_rolesCreation" time="2.995" classname="com.PageLibrary.com.RandFord.TestExecution"/>
  <testcase name="varify_rolesCreation" time="2.418" classname="com.PageLibrary.com.RandFord.TestExecution"/>
  <testcase name="varify_rolesCreation" time="3.976" classname="com.PageLibrary.com.RandFord.TestExecution"/>
  <testcase name="varify_rolesCreation" time="1.143" classname="com.PageLibrary.com.RandFord.TestExecution"/>
  <testcase name="varify_rolesCreation" time="2.039" classname="com.PageLibrary.com.RandFord.TestExecution"/>
  <testcase name="varify_rolesCreation" time="1.341" classname="com.PageLibrary.com.RandFord.TestExecution"/>
  <testcase name="varify_rolesCreation" time="1.394" classname="com.PageLibrary.com.RandFord.TestExecution"/>
  <testcase name="varify_rolesCreation" time="2.202" classname="com.PageLibrary.com.RandFord.TestExecution"/>
  <testcase name="varify_rolesCreation" time="2.571" classname="com.PageLibrary.com.RandFord.TestExecution"/>
  <testcase name="varify_rolesCreation" time="1.817" classname="com.PageLibrary.com.RandFord.TestExecution"/>
  <testcase name="varify_rolesCreation" time="1.449" classname="com.PageLibrary.com.RandFord.TestExecution"/>
  <testcase name="varify_rolesCreation" time="6.786" classname="com.PageLibrary.com.RandFord.TestExecution"/>
  <testcase name="varify_rolesCreation" time="1.363" classname="com.PageLibrary.com.RandFord.TestExecution"/>
</testsuite> <!-- com.PageLibrary.com.RandFord.TestExecution -->
